# JRE version: Java(TM) SE Runtime Environment (8.0_74-b02) (build 1.8.0_74-b02)
# Java VM: Java HotSpot(TM) 64-Bit Server VM (25.74-b02 mixed mode windows-amd64 compressed oops)
Heap:
 PSYoungGen      total 97280K, used 52602K [0x00000000e7000000, 0x00000000ef800000, 0x0000000100000000)
  eden space 60928K, 36% used [0x00000000e7000000,0x00000000e85fb000,0x00000000eab80000)
  from space 36352K, 82% used [0x00000000eab80000,0x00000000ec8e3a68,0x00000000ecf00000)
  to   space 30720K, 0% used [0x00000000ecf00000,0x00000000ecf00000,0x00000000eed00000)
 ParOldGen       total 146432K, used 80242K [0x00000000b5000000, 0x00000000bdf00000, 0x00000000e7000000)
  object space 146432K, 54% used [0x00000000b5000000,0x00000000b9e5cb80,0x00000000bdf00000)
 Metaspace       used 85674K, capacity 96318K, committed 96660K, reserved 1132544K
  class space    used 10412K, capacity 13383K, committed 13500K, reserved 1048576K
GC Heap History (10 events):
Event: 69.699 GC heap before
{Heap before GC invocations=25 (full 4):
 PSYoungGen      total 79872K, used 64036K [0x00000000e7000000, 0x00000000ed680000, 0x0000000100000000)
  eden space 55808K, 100% used [0x00000000e7000000,0x00000000ea680000,0x00000000ea680000)
  from space 24064K, 34% used [0x00000000ebe00000,0x00000000ec609310,0x00000000ed580000)
  to   space 24064K, 0% used [0x00000000ea680000,0x00000000ea680000,0x00000000ebe00000)
 ParOldGen       total 146432K, used 73339K [0x00000000b5000000, 0x00000000bdf00000, 0x00000000e7000000)
  object space 146432K, 50% used [0x00000000b5000000,0x00000000b979ee18,0x00000000bdf00000)
 Metaspace       used 69653K, capacity 78156K, committed 78228K, reserved 1116160K
  class space    used 8397K, capacity 10881K, committed 10940K, reserved 1048576K
Event: 69.728 GC heap after
Heap after GC invocations=25 (full 4):
 PSYoungGen      total 79872K, used 17750K [0x00000000e7000000, 0x00000000eda80000, 0x0000000100000000)
  eden space 55808K, 0% used [0x00000000e7000000,0x00000000e7000000,0x00000000ea680000)
  from space 24064K, 73% used [0x00000000ea680000,0x00000000eb7d5970,0x00000000ebe00000)
  to   space 24576K, 0% used [0x00000000ec280000,0x00000000ec280000,0x00000000eda80000)
 ParOldGen       total 146432K, used 73347K [0x00000000b5000000, 0x00000000bdf00000, 0x00000000e7000000)
  object space 146432K, 50% used [0x00000000b5000000,0x00000000b97a0e18,0x00000000bdf00000)
 Metaspace       used 69653K, capacity 78156K, committed 78228K, reserved 1116160K
  class space    used 8397K, capacity 10881K, committed 10940K, reserved 1048576K
}
Event: 70.491 GC heap before
{Heap before GC invocations=26 (full 4):
 PSYoungGen      total 79872K, used 72265K [0x00000000e7000000, 0x00000000eda80000, 0x0000000100000000)
  eden space 55808K, 97% used [0x00000000e7000000,0x00000000ea53cbd8,0x00000000ea680000)
  from space 24064K, 73% used [0x00000000ea680000,0x00000000eb7d5970,0x00000000ebe00000)
  to   space 24576K, 0% used [0x00000000ec280000,0x00000000ec280000,0x00000000eda80000)
 ParOldGen       total 146432K, used 73347K [0x00000000b5000000, 0x00000000bdf00000, 0x00000000e7000000)
  object space 146432K, 50% used [0x00000000b5000000,0x00000000b97a0e18,0x00000000bdf00000)
 Metaspace       used 70175K, capacity 78888K, committed 79124K, reserved 1118208K
  class space    used 8447K, capacity 10993K, committed 11068K, reserved 1048576K
Event: 70.555 GC heap after
Heap after GC invocations=26 (full 4):
 PSYoungGen      total 82944K, used 20069K [0x00000000e7000000, 0x00000000ee180000, 0x0000000100000000)
  eden space 58368K, 0% used [0x00000000e7000000,0x00000000e7000000,0x00000000ea900000)
  from space 24576K, 81% used [0x00000000ec280000,0x00000000ed619668,0x00000000eda80000)
  to   space 26112K, 0% used [0x00000000ea900000,0x00000000ea900000,0x00000000ec280000)
 ParOldGen       total 146432K, used 73347K [0x00000000b5000000, 0x00000000bdf00000, 0x00000000e7000000)
  object space 146432K, 50% used [0x00000000b5000000,0x00000000b97a0e18,0x00000000bdf00000)
 Metaspace       used 70175K, capacity 78888K, committed 79124K, reserved 1118208K
  class space    used 8447K, capacity 10993K, committed 11068K, reserved 1048576K
}
Event: 71.863 GC heap before
{Heap before GC invocations=27 (full 4):
 PSYoungGen      total 82944K, used 78437K [0x00000000e7000000, 0x00000000ee180000, 0x0000000100000000)
  eden space 58368K, 100% used [0x00000000e7000000,0x00000000ea900000,0x00000000ea900000)
  from space 24576K, 81% used [0x00000000ec280000,0x00000000ed619668,0x00000000eda80000)
  to   space 26112K, 0% used [0x00000000ea900000,0x00000000ea900000,0x00000000ec280000)
 ParOldGen       total 146432K, used 73347K [0x00000000b5000000, 0x00000000bdf00000, 0x00000000e7000000)
  object space 146432K, 50% used [0x00000000b5000000,0x00000000b97a0e18,0x00000000bdf00000)
 Metaspace       used 75883K, capacity 85414K, committed 85652K, reserved 1122304K
  class space    used 9176K, capacity 11917K, committed 11964K, reserved 1048576K
Event: 71.894 GC heap after
Heap after GC invocations=27 (full 4):
 PSYoungGen      total 84480K, used 26097K [0x00000000e7000000, 0x00000000eed00000, 0x0000000100000000)
  eden space 58368K, 0% used [0x00000000e7000000,0x00000000e7000000,0x00000000ea900000)
  from space 26112K, 99% used [0x00000000ea900000,0x00000000ec27c680,0x00000000ec280000)
  to   space 30720K, 0% used [0x00000000ecf00000,0x00000000ecf00000,0x00000000eed00000)
 ParOldGen       total 146432K, used 76486K [0x00000000b5000000, 0x00000000bdf00000, 0x00000000e7000000)
  object space 146432K, 52% used [0x00000000b5000000,0x00000000b9ab19e0,0x00000000bdf00000)
 Metaspace       used 75883K, capacity 85414K, committed 85652K, reserved 1122304K
  class space    used 9176K, capacity 11917K, committed 11964K, reserved 1048576K
}
Event: 73.047 GC heap before
{Heap before GC invocations=28 (full 4):
 PSYoungGen      total 84480K, used 84270K [0x00000000e7000000, 0x00000000eed00000, 0x0000000100000000)
  eden space 58368K, 99% used [0x00000000e7000000,0x00000000ea8cf208,0x00000000ea900000)
  from space 26112K, 99% used [0x00000000ea900000,0x00000000ec27c680,0x00000000ec280000)
  to   space 30720K, 0% used [0x00000000ecf00000,0x00000000ecf00000,0x00000000eed00000)
 ParOldGen       total 146432K, used 76486K [0x00000000b5000000, 0x00000000bdf00000, 0x00000000e7000000)
  object space 146432K, 52% used [0x00000000b5000000,0x00000000b9ab19e0,0x00000000bdf00000)
 Metaspace       used 83206K, capacity 93220K, committed 93460K, reserved 1130496K
  class space    used 10130K, capacity 13004K, committed 13116K, reserved 1048576K
Event: 73.082 GC heap after
Heap after GC invocations=28 (full 4):
 PSYoungGen      total 91648K, used 30719K [0x00000000e7000000, 0x00000000ef800000, 0x0000000100000000)
  eden space 60928K, 0% used [0x00000000e7000000,0x00000000e7000000,0x00000000eab80000)
  from space 30720K, 99% used [0x00000000ecf00000,0x00000000eecffdd0,0x00000000eed00000)
  to   space 36352K, 0% used [0x00000000eab80000,0x00000000eab80000,0x00000000ecf00000)
 ParOldGen       total 146432K, used 80234K [0x00000000b5000000, 0x00000000bdf00000, 0x00000000e7000000)
  object space 146432K, 54% used [0x00000000b5000000,0x00000000b9e5ab80,0x00000000bdf00000)
 Metaspace       used 83206K, capacity 93220K, committed 93460K, reserved 1130496K
  class space    used 10130K, capacity 13004K, committed 13116K, reserved 1048576K
}
Event: 74.938 GC heap before
{Heap before GC invocations=29 (full 4):
 PSYoungGen      total 91648K, used 91647K [0x00000000e7000000, 0x00000000ef800000, 0x0000000100000000)
  eden space 60928K, 100% used [0x00000000e7000000,0x00000000eab80000,0x00000000eab80000)
  from space 30720K, 99% used [0x00000000ecf00000,0x00000000eecffdd0,0x00000000eed00000)
  to   space 36352K, 0% used [0x00000000eab80000,0x00000000eab80000,0x00000000ecf00000)
 ParOldGen       total 146432K, used 80234K [0x00000000b5000000, 0x00000000bdf00000, 0x00000000e7000000)
  object space 146432K, 54% used [0x00000000b5000000,0x00000000b9e5ab80,0x00000000bdf00000)
 Metaspace       used 85226K, capacity 95530K, committed 95764K, reserved 1132544K
  class space    used 10366K, capacity 13275K, committed 13372K, reserved 1048576K
Event: 75.003 GC heap after
Heap after GC invocations=29 (full 4):
 PSYoungGen      total 97280K, used 30094K [0x00000000e7000000, 0x00000000ef800000, 0x0000000100000000)
  eden space 60928K, 0% used [0x00000000e7000000,0x00000000e7000000,0x00000000eab80000)
  from space 36352K, 82% used [0x00000000eab80000,0x00000000ec8e3a68,0x00000000ecf00000)
  to   space 30720K, 0% used [0x00000000ecf00000,0x00000000ecf00000,0x00000000eed00000)
 ParOldGen       total 146432K, used 80242K [0x00000000b5000000, 0x00000000bdf00000, 0x00000000e7000000)
  object space 146432K, 54% used [0x00000000b5000000,0x00000000b9e5cb80,0x00000000bdf00000)
 Metaspace       used 85226K, capacity 95530K, committed 95764K, reserved 1132544K
  class space    used 10366K, capacity 13275K, committed 13372K, reserved 1048576K
}

